Using pre-set license
Built from '2020.3/release' branch; Version is '2020.3.1f1 (77a89f25062f) revision 7841951'; Using compiler version '192528614'; Build Type 'Release'
OS: 'Windows 10 Pro; OS build 19042.1165; Version 2009; 64bit' Language: 'en' Physical Memory: 16300 MB
BatchMode: 1, IsHumanControllingUs: 0, StartBugReporterOnCrash: 0, Is64bit: 1, IsPro: 0

 COMMAND LINE ARGUMENTS:
C:\Program Files\Unity\Hub\Editor\2020.3.1f1\Editor\Unity.exe
-adb2
-batchMode
-noUpm
-name
AssetImportWorker0
-projectPath
D:/Test Development
-logFile
Logs/AssetImportWorker0.log
-srvPort
59669
Successfully changed project path to: D:/Test Development
D:/Test Development
Using Asset Import Pipeline V2.
Refreshing native plugins compatible for Editor in 63.78 ms, found 0 plugins.
Preloading 0 native plugins for Editor in 0.00 ms.
Initialize engine version: 2020.3.1f1 (77a89f25062f)
[Subsystems] Discovering subsystems at path C:/Program Files/Unity/Hub/Editor/2020.3.1f1/Editor/Data/Resources/UnitySubsystems
[Subsystems] Discovering subsystems at path D:/Test Development/Assets
GfxDevice: creating device client; threaded=0
Direct3D:
    Version:  Direct3D 11.0 [level 11.1]
    Renderer: NVIDIA GeForce GTX 1660 Ti (ID=0x2182)
    Vendor:   
    VRAM:     5991 MB
    Driver:   27.21.14.5671
Initialize mono
Mono path[0] = 'C:/Program Files/Unity/Hub/Editor/2020.3.1f1/Editor/Data/Managed'
Mono path[1] = 'C:/Program Files/Unity/Hub/Editor/2020.3.1f1/Editor/Data/MonoBleedingEdge/lib/mono/unityjit'
Mono config path = 'C:/Program Files/Unity/Hub/Editor/2020.3.1f1/Editor/Data/MonoBleedingEdge/etc'
Using monoOptions --debugger-agent=transport=dt_socket,embedding=1,server=y,suspend=n,address=127.0.0.1:56892
Begin MonoManager ReloadAssembly
Registering precompiled unity dll's ...
Register platform support module: C:/Program Files/Unity/Hub/Editor/2020.3.1f1/Editor/Data/PlaybackEngines/WindowsStandaloneSupport/UnityEditor.WindowsStandalone.Extensions.dll
Registered in 0.001703 seconds.
Native extension for WindowsStandalone target not found
Refreshing native plugins compatible for Editor in 64.68 ms, found 0 plugins.
Preloading 0 native plugins for Editor in 0.00 ms.
Invoked RoslynAnalysisRunner static constructor.
RoslynAnalysisRunner will not be running.
RoslynAnalysisRunner has terminated.
Mono: successfully reloaded assembly
- Completed reload, in  0.891 seconds
Platform modules already initialized, skipping
Registering precompiled user dll's ...
Registered in 0.001196 seconds.
Begin MonoManager ReloadAssembly
Native extension for WindowsStandalone target not found
Refreshing native plugins compatible for Editor in 69.40 ms, found 0 plugins.
Preloading 0 native plugins for Editor in 0.00 ms.
Invoked RoslynAnalysisRunner static constructor.
RoslynAnalysisRunner will not be running.
RoslynAnalysisRunner has terminated.
Mono: successfully reloaded assembly
- Completed reload, in  1.098 seconds
Platform modules already initialized, skipping
========================================================================
Worker process is ready to serve import requests
Launched and connected shader compiler UnityShaderCompiler.exe after 0.04 seconds
Refreshing native plugins compatible for Editor in 0.65 ms, found 0 plugins.
Preloading 0 native plugins for Editor in 0.00 ms.
Unloading 3903 Unused Serialized files (Serialized files now loaded: 0)
System memory in use before: 186.9 MB.
System memory in use after: 183.3 MB.

Unloading 44 unused Assets to reduce memory usage. Loaded Objects now: 4336.
Total: 5.896300 ms (FindLiveObjects: 1.072000 ms CreateObjectMapping: 0.392300 ms MarkObjects: 2.075100 ms  DeleteObjects: 2.355500 ms)

========================================================================
Received Import Request.
  path: Assets/Materials
  artifactKey: Guid(04fae0ce4c872e0408f4d36cdaae7632) Importer(815301076,1909f56bfc062723c751e8b465ee728b)
Start importing Assets/Materials using Guid(04fae0ce4c872e0408f4d36cdaae7632) Importer(815301076,1909f56bfc062723c751e8b465ee728b)  -> (artifact id: 'c76e7702c06448e055069c745917d187') in 0.010615 seconds
  Import took 0.016397 seconds .

========================================================================
Received Import Request.
  Time since last request: 19.685546 seconds.
  path: Assets/Materials/Black.mat
  artifactKey: Guid(7ff82df065a7af64eb59493ce2f0e6b3) Importer(815301076,1909f56bfc062723c751e8b465ee728b)
Start importing Assets/Materials/Black.mat using Guid(7ff82df065a7af64eb59493ce2f0e6b3) Importer(815301076,1909f56bfc062723c751e8b465ee728b)  -> (artifact id: 'a747bcaa50793505d8b714fa4e1a7400') in 0.564504 seconds
  Import took 0.585147 seconds .

========================================================================
Received Import Request.
  Time since last request: 221.820781 seconds.
  path: Assets/Sprites/stopwatch.PNG
  artifactKey: Guid(083e4ccc0ca6ba84b812433613145998) Importer(815301076,1909f56bfc062723c751e8b465ee728b)
Start importing Assets/Sprites/stopwatch.PNG using Guid(083e4ccc0ca6ba84b812433613145998) Importer(815301076,1909f56bfc062723c751e8b465ee728b)  -> (artifact id: '02a3ab586a25299b97cc75b8b5dd13b4') in 0.043957 seconds
  Import took 0.052930 seconds .

========================================================================
Received Import Request.
  Time since last request: 13.680415 seconds.
  path: Assets/Sprites/stopwatch.PNG
  artifactKey: Guid(083e4ccc0ca6ba84b812433613145998) Importer(815301076,1909f56bfc062723c751e8b465ee728b)
Start importing Assets/Sprites/stopwatch.PNG using Guid(083e4ccc0ca6ba84b812433613145998) Importer(815301076,1909f56bfc062723c751e8b465ee728b)  -> (artifact id: '1ec5a1a521e32115620b74f5b99496af') in 0.017433 seconds
  Import took 0.023581 seconds .

========================================================================
Received Import Request.
  Time since last request: 27.440749 seconds.
  path: Assets/Scenes/SampleScene.unity
  artifactKey: Guid(9fc0d4010bbf28b4594072e72b8655ab) Importer(815301076,1909f56bfc062723c751e8b465ee728b)
Start importing Assets/Scenes/SampleScene.unity using Guid(9fc0d4010bbf28b4594072e72b8655ab) Importer(815301076,1909f56bfc062723c751e8b465ee728b)  -> (artifact id: '659291fdccb428df6b2831387951fa1a') in 0.302109 seconds
  Import took 0.315331 seconds .

========================================================================
Received Import Request.
  Time since last request: 64.607556 seconds.
  path: Assets/Scripts/GameManager.cs
  artifactKey: Guid(bdcb2fc86e991a84b9a0683e8325050d) Importer(815301076,1909f56bfc062723c751e8b465ee728b)
Start importing Assets/Scripts/GameManager.cs using Guid(bdcb2fc86e991a84b9a0683e8325050d) Importer(815301076,1909f56bfc062723c751e8b465ee728b)  -> (artifact id: '6cdff728e4cdcb7010c97169e81c7dee') in 0.023064 seconds
  Import took 0.029596 seconds .

========================================================================
Received Import Request.
  Time since last request: 102.568973 seconds.
  path: Assets/Scenes/MainSpace.unity
  artifactKey: Guid(fbeed01ab9373554cba074a0af6d7669) Importer(815301076,1909f56bfc062723c751e8b465ee728b)
Start importing Assets/Scenes/MainSpace.unity using Guid(fbeed01ab9373554cba074a0af6d7669) Importer(815301076,1909f56bfc062723c751e8b465ee728b)  -> (artifact id: '45aeed1002048f804150ae7230769ca0') in 0.111128 seconds
  Import took 0.117076 seconds .

========================================================================
Received Prepare
Registering precompiled user dll's ...
Registered in 0.001963 seconds.
Begin MonoManager ReloadAssembly
Native extension for WindowsStandalone target not found
Refreshing native plugins compatible for Editor in 0.64 ms, found 0 plugins.
Preloading 0 native plugins for Editor in 0.00 ms.
Invoked RoslynAnalysisRunner static constructor.
RoslynAnalysisRunner will not be running.
RoslynAnalysisRunner has terminated.
Mono: successfully reloaded assembly
- Completed reload, in  1.006 seconds
Platform modules already initialized, skipping
Refreshing native plugins compatible for Editor in 0.65 ms, found 0 plugins.
Preloading 0 native plugins for Editor in 0.00 ms.
Unloading 3633 Unused Serialized files (Serialized files now loaded: 0)
System memory in use before: 184.8 MB.
System memory in use after: 181.6 MB.

Unloading 33 unused Assets to reduce memory usage. Loaded Objects now: 4515.
Total: 5.021700 ms (FindLiveObjects: 0.617200 ms CreateObjectMapping: 0.274700 ms MarkObjects: 1.960800 ms  DeleteObjects: 2.166500 ms)

